0 info it worked if it ends with ok
1 verbose cli [ '/Users/gzadamlv/.nvm/versions/node/v6.2.0/bin/node',
1 verbose cli   '/Users/gzadamlv/.nvm/versions/node/v6.2.0/bin/npm',
1 verbose cli   'install',
1 verbose cli   'xml2json',
1 verbose cli   '--save' ]
2 info using npm@3.8.9
3 info using node@v6.2.0
4 silly loadCurrentTree Starting
5 silly install loadCurrentTree
6 silly install readLocalPackageData
7 silly fetchPackageMetaData xml2json
8 silly fetchNamedPackageData xml2json
9 silly mapToRegistry name xml2json
10 silly mapToRegistry using default registry
11 silly mapToRegistry registry https://registry.npmjs.org/
12 silly mapToRegistry data Result {
12 silly mapToRegistry   raw: 'xml2json',
12 silly mapToRegistry   scope: null,
12 silly mapToRegistry   name: 'xml2json',
12 silly mapToRegistry   rawSpec: '',
12 silly mapToRegistry   spec: 'latest',
12 silly mapToRegistry   type: 'tag' }
13 silly mapToRegistry uri https://registry.npmjs.org/xml2json
14 verbose request uri https://registry.npmjs.org/xml2json
15 verbose request no auth needed
16 info attempt registry request try #1 at 21:54:52
17 verbose request id bca6e03f72f25202
18 verbose etag "EON8QGLLDZ92HX1JRTUUA2I89"
19 http request GET https://registry.npmjs.org/xml2json
20 http 304 https://registry.npmjs.org/xml2json
21 verbose headers { date: 'Tue, 31 May 2016 13:54:52 GMT',
21 verbose headers   via: '1.1 varnish',
21 verbose headers   'cache-control': 'max-age=300',
21 verbose headers   etag: '"EON8QGLLDZ92HX1JRTUUA2I89"',
21 verbose headers   age: '0',
21 verbose headers   connection: 'keep-alive',
21 verbose headers   'x-served-by': 'cache-nrt6128-NRT',
21 verbose headers   'x-cache': 'HIT',
21 verbose headers   'x-cache-hits': '1',
21 verbose headers   'x-timer': 'S1464702892.841272,VS0,VE542',
21 verbose headers   vary: 'Accept-Encoding' }
22 silly get cb [ 304,
22 silly get   { date: 'Tue, 31 May 2016 13:54:52 GMT',
22 silly get     via: '1.1 varnish',
22 silly get     'cache-control': 'max-age=300',
22 silly get     etag: '"EON8QGLLDZ92HX1JRTUUA2I89"',
22 silly get     age: '0',
22 silly get     connection: 'keep-alive',
22 silly get     'x-served-by': 'cache-nrt6128-NRT',
22 silly get     'x-cache': 'HIT',
22 silly get     'x-cache-hits': '1',
22 silly get     'x-timer': 'S1464702892.841272,VS0,VE542',
22 silly get     vary: 'Accept-Encoding' } ]
23 verbose etag https://registry.npmjs.org/xml2json from cache
24 verbose get saving xml2json to /Users/gzadamlv/.npm/registry.npmjs.org/xml2json/.cache.json
25 verbose correctMkdir /Users/gzadamlv/.npm correctMkdir not in flight; initializing
26 silly install normalizeTree
27 silly loadCurrentTree Finishing
28 silly loadIdealTree Starting
29 silly install loadIdealTree
30 silly cloneCurrentTree Starting
31 silly install cloneCurrentTreeToIdealTree
32 silly cloneCurrentTree Finishing
33 silly loadShrinkwrap Starting
34 silly install loadShrinkwrap
35 silly loadShrinkwrap Finishing
36 silly loadAllDepsIntoIdealTree Starting
37 silly install loadAllDepsIntoIdealTree
38 silly rollbackFailedOptional Starting
39 silly rollbackFailedOptional Finishing
40 silly runTopLevelLifecycles Starting
41 silly runTopLevelLifecycles Finishing
42 silly install printInstalled
43 verbose stack Error: Refusing to install xml2json as a dependency of itself
43 verbose stack     at checkSelf (/Users/gzadamlv/.nvm/versions/node/v6.2.0/lib/node_modules/npm/lib/install/validate-args.js:53:14)
43 verbose stack     at Array.<anonymous> (/Users/gzadamlv/.nvm/versions/node/v6.2.0/lib/node_modules/npm/node_modules/slide/lib/bind-actor.js:15:8)
43 verbose stack     at LOOP (/Users/gzadamlv/.nvm/versions/node/v6.2.0/lib/node_modules/npm/node_modules/slide/lib/chain.js:15:14)
43 verbose stack     at chain (/Users/gzadamlv/.nvm/versions/node/v6.2.0/lib/node_modules/npm/node_modules/slide/lib/chain.js:20:5)
43 verbose stack     at /Users/gzadamlv/.nvm/versions/node/v6.2.0/lib/node_modules/npm/lib/install/validate-args.js:16:5
43 verbose stack     at /Users/gzadamlv/.nvm/versions/node/v6.2.0/lib/node_modules/npm/node_modules/slide/lib/async-map.js:52:35
43 verbose stack     at Array.forEach (native)
43 verbose stack     at /Users/gzadamlv/.nvm/versions/node/v6.2.0/lib/node_modules/npm/node_modules/slide/lib/async-map.js:52:11
43 verbose stack     at Array.forEach (native)
43 verbose stack     at asyncMap (/Users/gzadamlv/.nvm/versions/node/v6.2.0/lib/node_modules/npm/node_modules/slide/lib/async-map.js:51:8)
44 verbose cwd /Users/gzadamlv/node-xml2json/adam
45 error Darwin 15.4.0
46 error argv "/Users/gzadamlv/.nvm/versions/node/v6.2.0/bin/node" "/Users/gzadamlv/.nvm/versions/node/v6.2.0/bin/npm" "install" "xml2json" "--save"
47 error node v6.2.0
48 error npm  v3.8.9
49 error code ENOSELF
50 error Refusing to install xml2json as a dependency of itself
51 error If you need help, you may report this error at:
51 error     <https://github.com/npm/npm/issues>
52 verbose exit [ 1, true ]
